\BOOKMARK [1][-]{section.1}{\376\377\000I\000n\000t\000r\000o\000d\000u\000\347\000\343\000o}{}% 1
\BOOKMARK [1][-]{section.2}{\376\377\000E\000n\000q\000u\000a\000d\000r\000a\000m\000e\000n\000t\000o\000\040\000T\000e\000\363\000r\000i\000c\000o}{}% 2
\BOOKMARK [2][-]{subsection.2.1}{\376\377\000C\000i\000f\000r\000a\000s\000\040\000C\000l\000\341\000s\000s\000i\000c\000a\000s}{section.2}% 3
\BOOKMARK [2][-]{subsection.2.2}{\376\377\000C\000i\000f\000r\000a\000s\000\040\000M\000o\000d\000e\000r\000n\000a\000s}{section.2}% 4
\BOOKMARK [1][-]{section.3}{\376\377\000D\000e\000s\000e\000n\000v\000o\000l\000v\000i\000m\000e\000n\000t\000o\000\040\000d\000a\000\040\000A\000p\000l\000i\000c\000a\000\347\000\343\000o}{}% 5
\BOOKMARK [2][-]{subsection.3.1}{\376\377\000A\000r\000q\000u\000i\000t\000e\000t\000u\000r\000a\000\040\000e\000\040\000I\000n\000t\000e\000r\000f\000a\000c\000e\000\040\000G\000r\000\341\000f\000i\000c\000a}{section.3}% 6
\BOOKMARK [2][-]{subsection.3.2}{\376\377\000E\000s\000t\000r\000u\000t\000u\000r\000a\000\040\000d\000a\000\040\000A\000p\000l\000i\000c\000a\000\347\000\343\000o}{section.3}% 7
\BOOKMARK [2][-]{subsection.3.3}{\376\377\000I\000m\000p\000l\000e\000m\000e\000n\000t\000a\000\347\000\343\000o\000:\000\040\000C\000i\000f\000r\000a\000s\000\040\000M\000o\000d\000e\000r\000n\000a\000s\000\040\000\050\000A\000E\000S\000\040\000e\000\040\000D\000E\000S\000\051}{section.3}% 8
\BOOKMARK [3][-]{subsubsection.3.3.1}{\376\377\000A\000E\000S\000\040\000\050\000A\000d\000v\000a\000n\000c\000e\000d\000\040\000E\000n\000c\000r\000y\000p\000t\000i\000o\000n\000\040\000S\000t\000a\000n\000d\000a\000r\000d\000\051}{subsection.3.3}% 9
\BOOKMARK [3][-]{subsubsection.3.3.2}{\376\377\000D\000E\000S\000\040\000\050\000D\000a\000t\000a\000\040\000E\000n\000c\000r\000y\000p\000t\000i\000o\000n\000\040\000S\000t\000a\000n\000d\000a\000r\000d\000\051}{subsection.3.3}% 10
\BOOKMARK [2][-]{subsection.3.4}{\376\377\000I\000m\000p\000l\000e\000m\000e\000n\000t\000a\000\347\000\343\000o\000:\000\040\000V\000i\000g\000e\000n\000\350\000r\000e}{section.3}% 11
\BOOKMARK [2][-]{subsection.3.5}{\376\377\000I\000m\000p\000l\000e\000m\000e\000n\000t\000a\000\347\000\343\000o\000:\000\040\000P\000l\000a\000y\000f\000a\000i\000r}{section.3}% 12
\BOOKMARK [3][-]{subsubsection.3.5.1}{\376\377\000L\000\363\000g\000i\000c\000a\000\040\000d\000e\000\040\000C\000i\000f\000r\000a\000g\000e\000m\000\040\000e\000\040\000D\000e\000c\000i\000f\000r\000a\000g\000e\000m}{subsection.3.5}% 13
\BOOKMARK [1][-]{section.4}{\376\377\000A\000n\000\341\000l\000i\000s\000e\000\040\000d\000e\000\040\000S\000e\000g\000u\000r\000a\000n\000\347\000a\000\040\000e\000\040\000D\000e\000c\000i\000s\000\365\000e\000s\000\040\000d\000e\000\040\000P\000r\000o\000j\000e\000t\000o}{}% 14
\BOOKMARK [1][-]{section.5}{\376\377\000T\000e\000s\000t\000e\000s\000\040\000e\000\040\000R\000e\000s\000u\000l\000t\000a\000d\000o\000s}{}% 15
\BOOKMARK [2][-]{subsection.5.1}{\376\377\000M\000e\000t\000o\000d\000o\000l\000o\000g\000i\000a\000\040\000d\000e\000\040\000T\000e\000s\000t\000e\000s}{section.5}% 16
\BOOKMARK [2][-]{subsection.5.2}{\376\377\000V\000e\000r\000i\000f\000i\000c\000a\000\347\000\343\000o\000\040\000d\000e\000\040\000I\000n\000t\000e\000g\000r\000i\000d\000a\000d\000e\000\040\000\050\000A\000E\000S\000\040\000e\000\040\000D\000E\000S\000\051}{section.5}% 17
\BOOKMARK [2][-]{subsection.5.3}{\376\377\000T\000e\000s\000t\000e\000s\000\040\000F\000u\000n\000c\000i\000o\000n\000a\000i\000s\000\040\000d\000e\000\040\000C\000i\000f\000r\000a\000s\000\040\000C\000l\000\341\000s\000s\000i\000c\000a\000s}{section.5}% 18
\BOOKMARK [2][-]{subsection.5.4}{\376\377\000V\000a\000l\000i\000d\000a\000\347\000\343\000o\000\040\000d\000e\000\040\000E\000n\000t\000r\000a\000d\000a\000s\000\040\000e\000\040\000T\000r\000a\000t\000a\000m\000e\000n\000t\000o\000\040\000d\000e\000\040\000E\000r\000r\000o\000s}{section.5}% 19
\BOOKMARK [2][-]{subsection.5.5}{\376\377\000C\000o\000n\000c\000l\000u\000s\000\343\000o\000\040\000d\000o\000s\000\040\000T\000e\000s\000t\000e\000s}{section.5}% 20
\BOOKMARK [1][-]{section.6}{\376\377\000C\000o\000n\000c\000l\000u\000s\000\343\000o}{}% 21
